<?xml version="1.0" encoding="UTF-8"?>
<!-- Generated by org.testng.reporters.JUnitXMLReporter -->
<testsuite ignored="0" hostname="LAPTOP-BPLU8S0P" failures="0" tests="2" name="Default test" time="3.764" errors="0" timestamp="2021-01-19T15:43:55 CAT">
  <testcase classname="com.openweatherappapi.tests.OpenWeatherTest" name="currentWeatherData" time="2.476"/>
  <testcase classname="com.openweatherappapi.tests.OpenWeatherTest" name="getWeatherHourlyData" time="1.258"/>
</testsuite> <!-- Default test -->
