<?xml version="1.0" encoding="UTF-8"?>
<testng-results ignored="0" total="2" passed="2" failed="0" skipped="0">
  <reporter-output>
  </reporter-output>
  <suite started-at="2021-01-19T15:43:51 CAT" name="Default suite" finished-at="2021-01-19T15:43:55 CAT" duration-ms="3764">
    <groups>
    </groups>
    <test started-at="2021-01-19T15:43:51 CAT" name="Default test" finished-at="2021-01-19T15:43:55 CAT" duration-ms="3764">
      <class name="com.openweatherappapi.tests.OpenWeatherTest">
        <test-method signature="currentWeatherData()[pri:1, instance:com.openweatherappapi.tests.OpenWeatherTest@482bce4f]" started-at="2021-01-19T15:43:51 CAT" name="currentWeatherData" description="Nagative Scenario" finished-at="2021-01-19T15:43:54 CAT" duration-ms="2476" status="PASS">
          <reporter-output>
          </reporter-output>
        </test-method> <!-- currentWeatherData -->
        <test-method signature="getWeatherHourlyData()[pri:2, instance:com.openweatherappapi.tests.OpenWeatherTest@482bce4f]" started-at="2021-01-19T15:43:54 CAT" name="getWeatherHourlyData" finished-at="2021-01-19T15:43:55 CAT" duration-ms="1258" status="PASS">
          <reporter-output>
          </reporter-output>
        </test-method> <!-- getWeatherHourlyData -->
      </class> <!-- com.openweatherappapi.tests.OpenWeatherTest -->
    </test> <!-- Default test -->
  </suite> <!-- Default suite -->
</testng-results>
